
[29-Mar-2011 16:48:34] PHP Parse error:  syntax error, unexpected '}', expecting ',' or ';' in /opt/lampp/htdocs/anm293/PizzaProject/order.inc.php on line 35
[29-Mar-2011 16:48:36] PHP Parse error:  syntax error, unexpected '}', expecting ',' or ';' in /opt/lampp/htdocs/anm293/PizzaProject/order.inc.php on line 35
[29-Mar-2011 16:48:37] PHP Parse error:  syntax error, unexpected '}', expecting ',' or ';' in /opt/lampp/htdocs/anm293/PizzaProject/order.inc.php on line 35
[29-Mar-2011 16:48:38] PHP Parse error:  syntax error, unexpected '}', expecting ',' or ';' in /opt/lampp/htdocs/anm293/PizzaProject/order.inc.php on line 35
[29-Mar-2011 16:48:40] PHP Parse error:  syntax error, unexpected '}', expecting ',' or ';' in /opt/lampp/htdocs/anm293/PizzaProject/order.inc.php on line 35
[29-Mar-2011 16:49:01] PHP Parse error:  syntax error, unexpected '}', expecting ',' or ';' in /opt/lampp/htdocs/anm293/PizzaProject/order.inc.php on line 35
[29-Mar-2011 16:49:03] PHP Parse error:  syntax error, unexpected '}', expecting ',' or ';' in /opt/lampp/htdocs/anm293/PizzaProject/order.inc.php on line 35
[29-Mar-2011 16:49:03] PHP Parse error:  syntax error, unexpected '}', expecting ',' or ';' in /opt/lampp/htdocs/anm293/PizzaProject/order.inc.php on line 35
[30-Mar-2011 11:17:54] PHP Parse error:  syntax error, unexpected ')' in /opt/lampp/htdocs/anm293/PizzaProject/order.inc.php on line 35
[02-Apr-2011 15:55:05] PHP Notice:  Undefined index: customerphone in /opt/lampp/htdocs/anm293/PizzaProject/validate.inc.php on line 124
[02-Apr-2011 18:30:14] PHP Parse error:  syntax error, unexpected T_VARIABLE in /opt/lampp/htdocs/anm293/PizzaProject/order.inc.php on line 26
[02-Apr-2011 18:32:19] PHP Parse error:  syntax error, unexpected T_VARIABLE in /opt/lampp/htdocs/anm293/PizzaProject/order.inc.php on line 26
[02-Apr-2011 18:32:21] PHP Parse error:  syntax error, unexpected T_VARIABLE in /opt/lampp/htdocs/anm293/PizzaProject/order.inc.php on line 26
[02-Apr-2011 18:32:23] PHP Parse error:  syntax error, unexpected T_VARIABLE in /opt/lampp/htdocs/anm293/PizzaProject/order.inc.php on line 26
[02-Apr-2011 18:32:59] PHP Notice:  Undefined variable: customerName in /opt/lampp/htdocs/anm293/PizzaProject/order.inc.php on line 85
[02-Apr-2011 18:33:00] PHP Notice:  Undefined variable: customerName in /opt/lampp/htdocs/anm293/PizzaProject/order.inc.php on line 85
[02-Apr-2011 18:33:41] PHP Notice:  Undefined variable: customerName in /opt/lampp/htdocs/anm293/PizzaProject/order.inc.php on line 85
[02-Apr-2011 18:34:01] PHP Notice:  Undefined variable: customerName in /opt/lampp/htdocs/anm293/PizzaProject/order.inc.php on line 85
[02-Apr-2011 18:34:16] PHP Notice:  Undefined variable: customerName in /opt/lampp/htdocs/anm293/PizzaProject/order.inc.php on line 85
[02-Apr-2011 18:34:20] PHP Notice:  Undefined variable: isValid in /opt/lampp/htdocs/anm293/PizzaProject/validate.inc.php on line 99
[02-Apr-2011 18:34:20] PHP Notice:  Undefined index: customerphone in /opt/lampp/htdocs/anm293/PizzaProject/order.inc.php on line 57
[02-Apr-2011 18:34:20] PHP Notice:  Undefined variable: customerName in /opt/lampp/htdocs/anm293/PizzaProject/order.inc.php on line 85
[02-Apr-2011 18:36:19] PHP Notice:  Undefined variable: customerName in /opt/lampp/htdocs/anm293/PizzaProject/order.inc.php on line 85
[02-Apr-2011 18:36:22] PHP Notice:  Undefined variable: isValid in /opt/lampp/htdocs/anm293/PizzaProject/validate.inc.php on line 99
[02-Apr-2011 18:36:22] PHP Notice:  Undefined index: customerphone in /opt/lampp/htdocs/anm293/PizzaProject/order.inc.php on line 57
[02-Apr-2011 18:36:22] PHP Notice:  Undefined variable: customerName in /opt/lampp/htdocs/anm293/PizzaProject/order.inc.php on line 85
